2012/03/28 16:03:56 [error] [exception.CHttpException.404] exception 'CHttpException' with message 'Unable to resolve the request "utilisateur".' in E:\yii\framework\web\CWebApplication.php:280
Stack trace:
#0 E:\yii\framework\web\CWebApplication.php(135): CWebApplication->runController('utilisateur')
#1 E:\yii\framework\base\CApplication.php(162): CWebApplication->processRequest()
#2 C:\wamp\www\gcommerce\index.php(13): CApplication->run()
#3 {main}
REQUEST_URI=/gcommerce/index.php?r=utilisateur
HTTP_REFERER=http://localhost/gcommerce/index.php?r=magasin/admin
---
2012/03/28 16:03:59 [error] [exception.CHttpException.404] exception 'CHttpException' with message 'Unable to resolve the request "article".' in E:\yii\framework\web\CWebApplication.php:280
Stack trace:
#0 E:\yii\framework\web\CWebApplication.php(135): CWebApplication->runController('article')
#1 E:\yii\framework\base\CApplication.php(162): CWebApplication->processRequest()
#2 C:\wamp\www\gcommerce\index.php(13): CApplication->run()
#3 {main}
REQUEST_URI=/gcommerce/index.php?r=article
HTTP_REFERER=http://localhost/gcommerce/index.php?r=utilisateur
---
2012/03/28 16:03:59 [error] [exception.CHttpException.404] exception 'CHttpException' with message 'Unable to resolve the request "client".' in E:\yii\framework\web\CWebApplication.php:280
Stack trace:
#0 E:\yii\framework\web\CWebApplication.php(135): CWebApplication->runController('client')
#1 E:\yii\framework\base\CApplication.php(162): CWebApplication->processRequest()
#2 C:\wamp\www\gcommerce\index.php(13): CApplication->run()
#3 {main}
REQUEST_URI=/gcommerce/index.php?r=client
HTTP_REFERER=http://localhost/gcommerce/index.php?r=article
---
2012/03/28 16:04:00 [error] [exception.CHttpException.404] exception 'CHttpException' with message 'Unable to resolve the request "fournisseur".' in E:\yii\framework\web\CWebApplication.php:280
Stack trace:
#0 E:\yii\framework\web\CWebApplication.php(135): CWebApplication->runController('fournisseur')
#1 E:\yii\framework\base\CApplication.php(162): CWebApplication->processRequest()
#2 C:\wamp\www\gcommerce\index.php(13): CApplication->run()
#3 {main}
REQUEST_URI=/gcommerce/index.php?r=fournisseur
HTTP_REFERER=http://localhost/gcommerce/index.php?r=client
---
2012/03/28 16:39:57 [error] [exception.CHttpException.404] exception 'CHttpException' with message 'Unable to resolve the request "client".' in E:\yii\framework\web\CWebApplication.php:280
Stack trace:
#0 E:\yii\framework\web\CWebApplication.php(135): CWebApplication->runController('client')
#1 E:\yii\framework\base\CApplication.php(162): CWebApplication->processRequest()
#2 C:\wamp\www\gcommerce\index.php(13): CApplication->run()
#3 {main}
REQUEST_URI=/gcommerce/index.php?r=client
HTTP_REFERER=http://localhost/gcommerce/index.php?r=magasin/admin
---
2012/03/28 16:39:58 [error] [exception.CHttpException.404] exception 'CHttpException' with message 'Unable to resolve the request "fournisseur".' in E:\yii\framework\web\CWebApplication.php:280
Stack trace:
#0 E:\yii\framework\web\CWebApplication.php(135): CWebApplication->runController('fournisseur')
#1 E:\yii\framework\base\CApplication.php(162): CWebApplication->processRequest()
#2 C:\wamp\www\gcommerce\index.php(13): CApplication->run()
#3 {main}
REQUEST_URI=/gcommerce/index.php?r=fournisseur
HTTP_REFERER=http://localhost/gcommerce/index.php?r=client
---
2012/03/28 16:40:01 [error] [exception.CHttpException.404] exception 'CHttpException' with message 'Unable to resolve the request "stock".' in E:\yii\framework\web\CWebApplication.php:280
Stack trace:
#0 E:\yii\framework\web\CWebApplication.php(135): CWebApplication->runController('stock')
#1 E:\yii\framework\base\CApplication.php(162): CWebApplication->processRequest()
#2 C:\wamp\www\gcommerce\index.php(13): CApplication->run()
#3 {main}
REQUEST_URI=/gcommerce/index.php?r=stock
HTTP_REFERER=http://localhost/gcommerce/index.php?r=magasin/admin
---
2012/03/28 16:40:02 [error] [exception.CHttpException.404] exception 'CHttpException' with message 'Unable to resolve the request "utilisateur".' in E:\yii\framework\web\CWebApplication.php:280
Stack trace:
#0 E:\yii\framework\web\CWebApplication.php(135): CWebApplication->runController('utilisateur')
#1 E:\yii\framework\base\CApplication.php(162): CWebApplication->processRequest()
#2 C:\wamp\www\gcommerce\index.php(13): CApplication->run()
#3 {main}
REQUEST_URI=/gcommerce/index.php?r=utilisateur
HTTP_REFERER=http://localhost/gcommerce/index.php?r=stock
---
2012/03/28 17:02:31 [error] [php] Undefined variable: title (C:\wamp\www\gcommerce\protected\views\layouts\main.php:48)
Stack trace:
#0 E:\yii\framework\web\CController.php(785): MagasinController->renderFile()
#1 C:\wamp\www\gcommerce\protected\controllers\MagasinController.php(149): MagasinController->render()
#2 E:\yii\framework\web\actions\CInlineAction.php(50): MagasinController->actionAdmin()
#3 E:\yii\framework\web\CController.php(309): CInlineAction->runWithParams()
#4 E:\yii\framework\web\filters\CFilterChain.php(134): MagasinController->runAction()
#5 E:\yii\framework\web\filters\CFilter.php(41): CFilterChain->run()
#6 E:\yii\framework\web\CController.php(1146): CAccessControlFilter->filter()
#7 E:\yii\framework\web\filters\CInlineFilter.php(59): MagasinController->filterAccessControl()
#8 E:\yii\framework\web\filters\CFilterChain.php(131): CInlineFilter->filter()
#9 E:\yii\framework\web\CController.php(292): CFilterChain->run()
#10 E:\yii\framework\web\CController.php(266): MagasinController->runActionWithFilters()
#11 E:\yii\framework\web\CWebApplication.php(276): MagasinController->run()
#12 E:\yii\framework\web\CWebApplication.php(135): CWebApplication->runController()
#13 E:\yii\framework\base\CApplication.php(162): CWebApplication->processRequest()
#14 C:\wamp\www\gcommerce\index.php(13): CWebApplication->run()
REQUEST_URI=/gcommerce/index.php?r=magasin/admin
in C:\wamp\www\gcommerce\protected\views\layouts\main.php (48)
in C:\wamp\www\gcommerce\protected\controllers\MagasinController.php (149)
in C:\wamp\www\gcommerce\index.php (13)
2012/03/28 17:10:00 [error] [exception.CHttpException.404] exception 'CHttpException' with message 'Unable to resolve the request "stock".' in E:\yii\framework\web\CWebApplication.php:280
Stack trace:
#0 E:\yii\framework\web\CWebApplication.php(135): CWebApplication->runController('stock')
#1 E:\yii\framework\base\CApplication.php(162): CWebApplication->processRequest()
#2 C:\wamp\www\gcommerce\index.php(13): CApplication->run()
#3 {main}
REQUEST_URI=/gcommerce/index.php?r=stock
HTTP_REFERER=http://localhost/gcommerce/index.php?r=magasin/admin
---
2012/03/28 17:10:01 [error] [exception.CHttpException.404] exception 'CHttpException' with message 'Unable to resolve the request "article".' in E:\yii\framework\web\CWebApplication.php:280
Stack trace:
#0 E:\yii\framework\web\CWebApplication.php(135): CWebApplication->runController('article')
#1 E:\yii\framework\base\CApplication.php(162): CWebApplication->processRequest()
#2 C:\wamp\www\gcommerce\index.php(13): CApplication->run()
#3 {main}
REQUEST_URI=/gcommerce/index.php?r=article
HTTP_REFERER=http://localhost/gcommerce/index.php?r=stock
---
2012/03/28 17:10:03 [error] [exception.CHttpException.404] exception 'CHttpException' with message 'Unable to resolve the request "client".' in E:\yii\framework\web\CWebApplication.php:280
Stack trace:
#0 E:\yii\framework\web\CWebApplication.php(135): CWebApplication->runController('client')
#1 E:\yii\framework\base\CApplication.php(162): CWebApplication->processRequest()
#2 C:\wamp\www\gcommerce\index.php(13): CApplication->run()
#3 {main}
REQUEST_URI=/gcommerce/index.php?r=client
HTTP_REFERER=http://localhost/gcommerce/index.php?r=article
---
2012/03/29 10:43:50 [error] [exception.CHttpException.404] exception 'CHttpException' with message 'Unable to resolve the request "client".' in E:\yii\framework\web\CWebApplication.php:280
Stack trace:
#0 E:\yii\framework\web\CWebApplication.php(135): CWebApplication->runController('client')
#1 E:\yii\framework\base\CApplication.php(162): CWebApplication->processRequest()
#2 C:\wamp\www\gcommerce\index.php(13): CApplication->run()
#3 {main}
REQUEST_URI=/gcommerce/index.php?r=client
HTTP_REFERER=http://localhost/gcommerce/
---
2012/03/29 10:44:33 [error] [system.db.CDbCommand] CDbCommand::execute() failed: SQLSTATE[22007]: Invalid datetime format: 1292 Incorrect datetime value: '20122-03-29' for column 'Datec' at row 1. The SQL statement executed was: INSERT INTO `magasin` (`Datec`, `Code`, `Nom`, `Tel`, `Fax`, `Adresse`) VALUES (:yp0, :yp1, :yp2, :yp3, :yp4, :yp5).
in C:\wamp\www\gcommerce\protected\controllers\MagasinController.php (72)
in C:\wamp\www\gcommerce\index.php (13)
2012/03/29 10:44:33 [error] [exception.CDbException] exception 'CDbException' with message 'CDbCommand failed to execute the SQL statement: SQLSTATE[22007]: Invalid datetime format: 1292 Incorrect datetime value: '20122-03-29' for column 'Datec' at row 1. The SQL statement executed was: INSERT INTO `magasin` (`Datec`, `Code`, `Nom`, `Tel`, `Fax`, `Adresse`) VALUES (:yp0, :yp1, :yp2, :yp3, :yp4, :yp5)' in E:\yii\framework\db\CDbCommand.php:354
Stack trace:
#0 E:\yii\framework\db\ar\CActiveRecord.php(1014): CDbCommand->execute()
#1 E:\yii\framework\db\ar\CActiveRecord.php(787): CActiveRecord->insert(NULL)
#2 C:\wamp\www\gcommerce\protected\controllers\MagasinController.php(72): CActiveRecord->save()
#3 E:\yii\framework\web\actions\CInlineAction.php(50): MagasinController->actionCreate()
#4 E:\yii\framework\web\CController.php(309): CInlineAction->runWithParams(Array)
#5 E:\yii\framework\web\filters\CFilterChain.php(134): CController->runAction(Object(CInlineAction))
#6 E:\yii\framework\web\filters\CFilter.php(41): CFilterChain->run()
#7 E:\yii\framework\web\CController.php(1146): CFilter->filter(Object(CFilterChain))
#8 E:\yii\framework\web\filters\CInlineFilter.php(59): CController->filterAccessControl(Object(CFilterChain))
#9 E:\yii\framework\web\filters\CFilterChain.php(131): CInlineFilter->filter(Object(CFilterChain))
#10 E:\yii\framework\web\CController.php(292): CFilterChain->run()
#11 E:\yii\framework\web\CController.php(266): CController->runActionWithFilters(Object(CInlineAction), Array)
#12 E:\yii\framework\web\CWebApplication.php(276): CController->run('create')
#13 E:\yii\framework\web\CWebApplication.php(135): CWebApplication->runController('magasin/create')
#14 E:\yii\framework\base\CApplication.php(162): CWebApplication->processRequest()
#15 C:\wamp\www\gcommerce\index.php(13): CApplication->run()
#16 {main}
REQUEST_URI=/gcommerce/index.php?r=magasin/create
HTTP_REFERER=http://localhost/gcommerce/index.php?r=magasin/create
---
2012/03/29 12:21:01 [error] [exception.CException] exception 'CException' with message 'Client has an invalid validation rule. The rule must specify attributes to be validated and the validator name.' in E:\yii\framework\base\CModel.php:287
Stack trace:
#0 E:\yii\framework\base\CModel.php(259): CModel->createValidators()
#1 E:\yii\framework\base\CModel.php(544): CModel->getValidators()
#2 E:\yii\framework\base\CModel.php(466): CModel->getSafeAttributeNames()
#3 E:\yii\framework\base\CComponent.php(153): CModel->setAttributes(Array)
#4 E:\yii\framework\db\ar\CActiveRecord.php(160): CComponent->__set('attributes', Array)
#5 C:\wamp\www\gcommerce\protected\controllers\ClientController.php(71): CActiveRecord->__set('attributes', Array)
#6 E:\yii\framework\web\actions\CInlineAction.php(50): ClientController->actionCreate()
#7 E:\yii\framework\web\CController.php(309): CInlineAction->runWithParams(Array)
#8 E:\yii\framework\web\filters\CFilterChain.php(134): CController->runAction(Object(CInlineAction))
#9 E:\yii\framework\web\filters\CFilter.php(41): CFilterChain->run()
#10 E:\yii\framework\web\CController.php(1146): CFilter->filter(Object(CFilterChain))
#11 E:\yii\framework\web\filters\CInlineFilter.php(59): CController->filterAccessControl(Object(CFilterChain))
#12 E:\yii\framework\web\filters\CFilterChain.php(131): CInlineFilter->filter(Object(CFilterChain))
#13 E:\yii\framework\web\CController.php(292): CFilterChain->run()
#14 E:\yii\framework\web\CController.php(266): CController->runActionWithFilters(Object(CInlineAction), Array)
#15 E:\yii\framework\web\CWebApplication.php(276): CController->run('create')
#16 E:\yii\framework\web\CWebApplication.php(135): CWebApplication->runController('client/create')
#17 E:\yii\framework\base\CApplication.php(162): CWebApplication->processRequest()
#18 C:\wamp\www\gcommerce\index.php(13): CApplication->run()
#19 {main}
REQUEST_URI=/gcommerce/index.php?r=client/create
HTTP_REFERER=http://localhost/gcommerce/index.php?r=client/create
---
2012/03/29 12:25:56 [error] [exception.CHttpException.404] exception 'CHttpException' with message 'Unable to resolve the request "fournisseur".' in E:\yii\framework\web\CWebApplication.php:280
Stack trace:
#0 E:\yii\framework\web\CWebApplication.php(135): CWebApplication->runController('fournisseur')
#1 E:\yii\framework\base\CApplication.php(162): CWebApplication->processRequest()
#2 C:\wamp\www\gcommerce\index.php(13): CApplication->run()
#3 {main}
REQUEST_URI=/gcommerce/index.php?r=fournisseur
HTTP_REFERER=http://localhost/gcommerce/index.php?r=magasin/admin
---
2012/03/29 12:52:55 [error] [exception.CException] exception 'CException' with message 'Property "Client.eventDate" is not defined.' in E:\yii\framework\base\CComponent.php:131
Stack trace:
#0 E:\yii\framework\db\ar\CActiveRecord.php(144): CComponent->__get('eventDate')
#1 E:\yii\framework\web\helpers\CHtml.php(2044): CActiveRecord->__get('eventDate')
#2 E:\yii\framework\web\helpers\CHtml.php(1774): CHtml::resolveValue(Object(Client), 'eventDate')
#3 E:\yii\framework\web\helpers\CHtml.php(1205): CHtml::activeInputField('text', Object(Client), 'eventDate', Array)
#4 C:\wamp\www\gcommerce\protected\extensions\CJuiDateTimePicker\CJuiDateTimePicker.php(38): CHtml::activeTextField(Object(Client), 'eventDate', Array)
#5 E:\yii\framework\web\CBaseController.php(174): CJuiDateTimePicker->run()
#6 C:\wamp\www\gcommerce\protected\views\client\_form.php(61): CBaseController->widget('CJuiDateTimePic...', Array)
#7 E:\yii\framework\web\CBaseController.php(127): require('C:\wamp\www\gco...')
#8 E:\yii\framework\web\CBaseController.php(96): CBaseController->renderInternal('C:\wamp\www\gco...', Array, true)
#9 E:\yii\framework\web\CController.php(870): CBaseController->renderFile('C:\wamp\www\gco...', Array, true)
#10 C:\wamp\www\gcommerce\protected\views\client\create.php(15): CController->renderPartial('_form', Array)
#11 E:\yii\framework\web\CBaseController.php(127): require('C:\wamp\www\gco...')
#12 E:\yii\framework\web\CBaseController.php(96): CBaseController->renderInternal('C:\wamp\www\gco...', Array, true)
#13 E:\yii\framework\web\CController.php(870): CBaseController->renderFile('C:\wamp\www\gco...', Array, true)
#14 E:\yii\framework\web\CController.php(783): CController->renderPartial('create', Array, true)
#15 C:\wamp\www\gcommerce\protected\controllers\ClientController.php(78): CController->render('create', Array)
#16 E:\yii\framework\web\actions\CInlineAction.php(50): ClientController->actionCreate()
#17 E:\yii\framework\web\CController.php(309): CInlineAction->runWithParams(Array)
#18 E:\yii\framework\web\filters\CFilterChain.php(134): CController->runAction(Object(CInlineAction))
#19 E:\yii\framework\web\filters\CFilter.php(41): CFilterChain->run()
#20 E:\yii\framework\web\CController.php(1146): CFilter->filter(Object(CFilterChain))
#21 E:\yii\framework\web\filters\CInlineFilter.php(59): CController->filterAccessControl(Object(CFilterChain))
#22 E:\yii\framework\web\filters\CFilterChain.php(131): CInlineFilter->filter(Object(CFilterChain))
#23 E:\yii\framework\web\CController.php(292): CFilterChain->run()
#24 E:\yii\framework\web\CController.php(266): CController->runActionWithFilters(Object(CInlineAction), Array)
#25 E:\yii\framework\web\CWebApplication.php(276): CController->run('create')
#26 E:\yii\framework\web\CWebApplication.php(135): CWebApplication->runController('client/create')
#27 E:\yii\framework\base\CApplication.php(162): CWebApplication->processRequest()
#28 C:\wamp\www\gcommerce\index.php(13): CApplication->run()
#29 {main}
REQUEST_URI=/gcommerce/index.php?r=client/create
HTTP_REFERER=http://localhost/gcommerce/index.php?r=client/admin
---
2012/03/29 13:03:19 [error] [exception.CHttpException.404] exception 'CHttpException' with message 'Unable to resolve the request "article".' in E:\yii\framework\web\CWebApplication.php:280
Stack trace:
#0 E:\yii\framework\web\CWebApplication.php(135): CWebApplication->runController('article')
#1 E:\yii\framework\base\CApplication.php(162): CWebApplication->processRequest()
#2 C:\wamp\www\gcommerce\index.php(13): CApplication->run()
#3 {main}
REQUEST_URI=/gcommerce/index.php?r=article
HTTP_REFERER=http://localhost/gcommerce/index.php?r=magasin/admin
---
2012/03/29 14:01:19 [error] [exception.CHttpException.404] exception 'CHttpException' with message 'Unable to resolve the request "article".' in E:\yii\framework\web\CWebApplication.php:280
Stack trace:
#0 E:\yii\framework\web\CWebApplication.php(135): CWebApplication->runController('article')
#1 E:\yii\framework\base\CApplication.php(162): CWebApplication->processRequest()
#2 C:\wamp\www\gcommerce\index.php(13): CApplication->run()
#3 {main}
REQUEST_URI=/gcommerce/index.php?r=article
HTTP_REFERER=http://localhost/gcommerce/index.php?r=client/admin
---
2012/03/29 14:10:59 [error] [exception.CHttpException.404] exception 'CHttpException' with message 'Unable to resolve the request "utilisateur".' in E:\yii\framework\web\CWebApplication.php:280
Stack trace:
#0 E:\yii\framework\web\CWebApplication.php(135): CWebApplication->runController('utilisateur')
#1 E:\yii\framework\base\CApplication.php(162): CWebApplication->processRequest()
#2 C:\wamp\www\gcommerce\index.php(13): CApplication->run()
#3 {main}
REQUEST_URI=/gcommerce/index.php?r=utilisateur
HTTP_REFERER=http://localhost/gcommerce/index.php?r=magasin/admin
---
2012/03/29 14:11:02 [error] [exception.CHttpException.404] exception 'CHttpException' with message 'Unable to resolve the request "article".' in E:\yii\framework\web\CWebApplication.php:280
Stack trace:
#0 E:\yii\framework\web\CWebApplication.php(135): CWebApplication->runController('article')
#1 E:\yii\framework\base\CApplication.php(162): CWebApplication->processRequest()
#2 C:\wamp\www\gcommerce\index.php(13): CApplication->run()
#3 {main}
REQUEST_URI=/gcommerce/index.php?r=article
HTTP_REFERER=http://localhost/gcommerce/index.php?r=client/admin
---
2012/03/29 14:14:03 [error] [exception.CHttpException.404] exception 'CHttpException' with message 'Unable to resolve the request "vente/admin".' in E:\yii\framework\web\CWebApplication.php:280
Stack trace:
#0 E:\yii\framework\web\CWebApplication.php(135): CWebApplication->runController('vente/admin')
#1 E:\yii\framework\base\CApplication.php(162): CWebApplication->processRequest()
#2 C:\wamp\www\gcommerce\index.php(13): CApplication->run()
#3 {main}
REQUEST_URI=/gcommerce/index.php?r=vente/admin&Vente[id_client]=1
HTTP_REFERER=http://localhost/gcommerce/index.php?r=client/view&id=1
---
2012/03/29 14:29:24 [error] [exception.CException] exception 'CException' with message 'Property "ReglementClient.Nom" is not defined.' in E:\yii\framework\base\CComponent.php:131
Stack trace:
#0 E:\yii\framework\db\ar\CActiveRecord.php(144): CComponent->__get('Nom')
#1 E:\yii\framework\web\helpers\CHtml.php(2044): CActiveRecord->__get('Nom')
#2 E:\yii\framework\web\helpers\CHtml.php(1774): CHtml::resolveValue(Object(ReglementClient), 'Nom')
#3 E:\yii\framework\web\helpers\CHtml.php(1205): CHtml::activeInputField('text', Object(ReglementClient), 'Nom', Array)
#4 E:\yii\framework\zii\widgets\jui\CJuiAutoComplete.php(84): CHtml::activeTextField(Object(ReglementClient), 'Nom', Array)
#5 E:\yii\framework\web\CBaseController.php(174): CJuiAutoComplete->run()
#6 C:\wamp\www\gcommerce\protected\views\reglementClient\_form.php(29): CBaseController->widget('zii.widgets.jui...', Array)
#7 E:\yii\framework\web\CBaseController.php(127): require('C:\wamp\www\gco...')
#8 E:\yii\framework\web\CBaseController.php(96): CBaseController->renderInternal('C:\wamp\www\gco...', Array, true)
#9 E:\yii\framework\web\CController.php(870): CBaseController->renderFile('C:\wamp\www\gco...', Array, true)
#10 C:\wamp\www\gcommerce\protected\views\reglementClient\create.php(19): CController->renderPartial('_form', Array)
#11 E:\yii\framework\web\CBaseController.php(127): require('C:\wamp\www\gco...')
#12 E:\yii\framework\web\CBaseController.php(96): CBaseController->renderInternal('C:\wamp\www\gco...', Array, true)
#13 E:\yii\framework\web\CController.php(870): CBaseController->renderFile('C:\wamp\www\gco...', Array, true)
#14 E:\yii\framework\web\CController.php(783): CController->renderPartial('create', Array, true)
#15 C:\wamp\www\gcommerce\protected\controllers\ReglementClientController.php(78): CController->render('create', Array)
#16 E:\yii\framework\web\actions\CInlineAction.php(50): ReglementClientController->actionCreate()
#17 E:\yii\framework\web\CController.php(309): CInlineAction->runWithParams(Array)
#18 E:\yii\framework\web\filters\CFilterChain.php(134): CController->runAction(Object(CInlineAction))
#19 E:\yii\framework\web\filters\CFilter.php(41): CFilterChain->run()
#20 E:\yii\framework\web\CController.php(1146): CFilter->filter(Object(CFilterChain))
#21 E:\yii\framework\web\filters\CInlineFilter.php(59): CController->filterAccessControl(Object(CFilterChain))
#22 E:\yii\framework\web\filters\CFilterChain.php(131): CInlineFilter->filter(Object(CFilterChain))
#23 E:\yii\framework\web\CController.php(292): CFilterChain->run()
#24 E:\yii\framework\web\CController.php(266): CController->runActionWithFilters(Object(CInlineAction), Array)
#25 E:\yii\framework\web\CWebApplication.php(276): CController->run('create')
#26 E:\yii\framework\web\CWebApplication.php(135): CWebApplication->runController('reglementClient...')
#27 E:\yii\framework\base\CApplication.php(162): CWebApplication->processRequest()
#28 C:\wamp\www\gcommerce\index.php(13): CApplication->run()
#29 {main}
REQUEST_URI=/gcommerce/index.php?r=reglementClient/create
HTTP_REFERER=http://localhost/gcommerce/index.php?r=client/admin
---
2012/03/29 14:30:44 [error] [exception.CHttpException.404] exception 'CHttpException' with message 'The system is unable to find the requested action "autoComplete".' in E:\yii\framework\web\CController.php:484
Stack trace:
#0 E:\yii\framework\web\CController.php(271): CController->missingAction('autoComplete')
#1 E:\yii\framework\web\CWebApplication.php(276): CController->run('autoComplete')
#2 E:\yii\framework\web\CWebApplication.php(135): CWebApplication->runController('client/autoComp...')
#3 E:\yii\framework\base\CApplication.php(162): CWebApplication->processRequest()
#4 C:\wamp\www\gcommerce\index.php(13): CApplication->run()
#5 {main}
REQUEST_URI=/gcommerce/index.php?r=client/autoComplete&term=bou
HTTP_REFERER=http://localhost/gcommerce/index.php?r=reglementClient/create
---
2012/03/29 14:30:47 [error] [exception.CHttpException.404] exception 'CHttpException' with message 'The system is unable to find the requested action "autoComplete".' in E:\yii\framework\web\CController.php:484
Stack trace:
#0 E:\yii\framework\web\CController.php(271): CController->missingAction('autoComplete')
#1 E:\yii\framework\web\CWebApplication.php(276): CController->run('autoComplete')
#2 E:\yii\framework\web\CWebApplication.php(135): CWebApplication->runController('client/autoComp...')
#3 E:\yii\framework\base\CApplication.php(162): CWebApplication->processRequest()
#4 C:\wamp\www\gcommerce\index.php(13): CApplication->run()
#5 {main}
REQUEST_URI=/gcommerce/index.php?r=client/autoComplete&term=bouba
HTTP_REFERER=http://localhost/gcommerce/index.php?r=reglementClient/create
---
2012/03/29 14:30:55 [error] [exception.CHttpException.404] exception 'CHttpException' with message 'The system is unable to find the requested action "autoComplete".' in E:\yii\framework\web\CController.php:484
Stack trace:
#0 E:\yii\framework\web\CController.php(271): CController->missingAction('autoComplete')
#1 E:\yii\framework\web\CWebApplication.php(276): CController->run('autoComplete')
#2 E:\yii\framework\web\CWebApplication.php(135): CWebApplication->runController('client/autoComp...')
#3 E:\yii\framework\base\CApplication.php(162): CWebApplication->processRequest()
#4 C:\wamp\www\gcommerce\index.php(13): CApplication->run()
#5 {main}
REQUEST_URI=/gcommerce/index.php?r=client/autoComplete&term=bou
HTTP_REFERER=http://localhost/gcommerce/index.php?r=reglementClient/create
---
2012/03/29 14:33:28 [error] [exception.CHttpException.403] exception 'CHttpException' with message 'You are not authorized to perform this action.' in E:\yii\framework\web\auth\CAccessControlFilter.php:157
Stack trace:
#0 E:\yii\framework\web\auth\CAccessControlFilter.php(120): CAccessControlFilter->accessDenied(Object(CWebUser), 'You are not aut...')
#1 E:\yii\framework\web\filters\CFilter.php(39): CAccessControlFilter->preFilter(Object(CFilterChain))
#2 E:\yii\framework\web\CController.php(1146): CFilter->filter(Object(CFilterChain))
#3 E:\yii\framework\web\filters\CInlineFilter.php(59): CController->filterAccessControl(Object(CFilterChain))
#4 E:\yii\framework\web\filters\CFilterChain.php(131): CInlineFilter->filter(Object(CFilterChain))
#5 E:\yii\framework\web\CController.php(292): CFilterChain->run()
#6 E:\yii\framework\web\CController.php(266): CController->runActionWithFilters(Object(EAutoCompleteAction), Array)
#7 E:\yii\framework\web\CWebApplication.php(276): CController->run('aclist')
#8 E:\yii\framework\web\CWebApplication.php(135): CWebApplication->runController('client/aclist')
#9 E:\yii\framework\base\CApplication.php(162): CWebApplication->processRequest()
#10 C:\wamp\www\gcommerce\index.php(13): CApplication->run()
#11 {main}
REQUEST_URI=/gcommerce/index.php?r=client/aclist&term=b
HTTP_REFERER=http://localhost/gcommerce/index.php?r=reglementClient/create
---
2012/03/29 14:52:22 [error] [exception.CHttpException.404] exception 'CHttpException' with message 'The system is unable to find the requested action "autoComplete".' in E:\yii\framework\web\CController.php:484
Stack trace:
#0 E:\yii\framework\web\CController.php(271): CController->missingAction('autoComplete')
#1 E:\yii\framework\web\CWebApplication.php(276): CController->run('autoComplete')
#2 E:\yii\framework\web\CWebApplication.php(135): CWebApplication->runController('client/autoComp...')
#3 E:\yii\framework\base\CApplication.php(162): CWebApplication->processRequest()
#4 C:\wamp\www\gcommerce\index.php(13): CApplication->run()
#5 {main}
REQUEST_URI=/gcommerce/index.php?r=client/autoComplete&term=b
HTTP_REFERER=http://localhost/gcommerce/index.php?r=reglementClient/create
---
2012/03/29 14:52:32 [error] [exception.CHttpException.404] exception 'CHttpException' with message 'The system is unable to find the requested action "autoComplete".' in E:\yii\framework\web\CController.php:484
Stack trace:
#0 E:\yii\framework\web\CController.php(271): CController->missingAction('autoComplete')
#1 E:\yii\framework\web\CWebApplication.php(276): CController->run('autoComplete')
#2 E:\yii\framework\web\CWebApplication.php(135): CWebApplication->runController('client/autoComp...')
#3 E:\yii\framework\base\CApplication.php(162): CWebApplication->processRequest()
#4 C:\wamp\www\gcommerce\index.php(13): CApplication->run()
#5 {main}
REQUEST_URI=/gcommerce/index.php?r=client/autoComplete&term=b
HTTP_REFERER=http://localhost/gcommerce/index.php?r=reglementClient/create
---
2012/03/29 14:55:09 [error] [exception.CHttpException.404] exception 'CHttpException' with message 'The system is unable to find the requested action "autoComplete".' in E:\yii\framework\web\CController.php:484
Stack trace:
#0 E:\yii\framework\web\CController.php(271): CController->missingAction('autoComplete')
#1 E:\yii\framework\web\CWebApplication.php(276): CController->run('autoComplete')
#2 E:\yii\framework\web\CWebApplication.php(135): CWebApplication->runController('client/autoComp...')
#3 E:\yii\framework\base\CApplication.php(162): CWebApplication->processRequest()
#4 C:\wamp\www\gcommerce\index.php(13): CApplication->run()
#5 {main}
REQUEST_URI=/gcommerce/index.php?r=client/autoComplete&term=b
HTTP_REFERER=http://localhost/gcommerce/index.php?r=reglementClient/create
---
2012/03/29 14:55:14 [error] [exception.CHttpException.404] exception 'CHttpException' with message 'The system is unable to find the requested action "autoComplete".' in E:\yii\framework\web\CController.php:484
Stack trace:
#0 E:\yii\framework\web\CController.php(271): CController->missingAction('autoComplete')
#1 E:\yii\framework\web\CWebApplication.php(276): CController->run('autoComplete')
#2 E:\yii\framework\web\CWebApplication.php(135): CWebApplication->runController('client/autoComp...')
#3 E:\yii\framework\base\CApplication.php(162): CWebApplication->processRequest()
#4 C:\wamp\www\gcommerce\index.php(13): CApplication->run()
#5 {main}
REQUEST_URI=/gcommerce/index.php?r=client/autoComplete&term=b
HTTP_REFERER=http://localhost/gcommerce/index.php?r=reglementClient/create
---
2012/03/29 14:56:32 [error] [exception.CHttpException.404] exception 'CHttpException' with message 'The system is unable to find the requested action "autoComplete".' in E:\yii\framework\web\CController.php:484
Stack trace:
#0 E:\yii\framework\web\CController.php(271): CController->missingAction('autoComplete')
#1 E:\yii\framework\web\CWebApplication.php(276): CController->run('autoComplete')
#2 E:\yii\framework\web\CWebApplication.php(135): CWebApplication->runController('client/autoComp...')
#3 E:\yii\framework\base\CApplication.php(162): CWebApplication->processRequest()
#4 C:\wamp\www\gcommerce\index.php(13): CApplication->run()
#5 {main}
REQUEST_URI=/gcommerce/index.php?r=client/autoComplete&term=bo
HTTP_REFERER=http://localhost/gcommerce/index.php?r=reglementClient/create
---
2012/03/29 14:57:51 [error] [exception.CHttpException.404] exception 'CHttpException' with message 'The system is unable to find the requested action "autoComplete".' in E:\yii\framework\web\CController.php:484
Stack trace:
#0 E:\yii\framework\web\CController.php(271): CController->missingAction('autoComplete')
#1 E:\yii\framework\web\CWebApplication.php(276): CController->run('autoComplete')
#2 E:\yii\framework\web\CWebApplication.php(135): CWebApplication->runController('client/autoComp...')
#3 E:\yii\framework\base\CApplication.php(162): CWebApplication->processRequest()
#4 C:\wamp\www\gcommerce\index.php(13): CApplication->run()
#5 {main}
REQUEST_URI=/gcommerce/index.php?r=client/autoComplete&term=b
HTTP_REFERER=http://localhost/gcommerce/index.php?r=reglementClient/create
---
2012/03/29 15:02:14 [error] [php] include(My.php) [<a href='function.include'>function.include</a>]: failed to open stream: No such file or directory (E:\yii\framework\YiiBase.php:418)
Stack trace:
#0 C:\wamp\www\gcommerce\protected\extensions\EAutoCompleteAction.php(13): spl_autoload_call()
#1 E:\yii\framework\web\actions\CAction.php(75): EAutoCompleteAction->run()
#2 E:\yii\framework\web\CController.php(309): EAutoCompleteAction->runWithParams()
#3 E:\yii\framework\web\filters\CFilterChain.php(134): ClientController->runAction()
#4 E:\yii\framework\web\filters\CFilter.php(41): CFilterChain->run()
#5 E:\yii\framework\web\CController.php(1146): CAccessControlFilter->filter()
#6 E:\yii\framework\web\filters\CInlineFilter.php(59): ClientController->filterAccessControl()
#7 E:\yii\framework\web\filters\CFilterChain.php(131): CInlineFilter->filter()
#8 E:\yii\framework\web\CController.php(292): CFilterChain->run()
#9 E:\yii\framework\web\CController.php(266): ClientController->runActionWithFilters()
#10 E:\yii\framework\web\CWebApplication.php(276): ClientController->run()
#11 E:\yii\framework\web\CWebApplication.php(135): CWebApplication->runController()
#12 E:\yii\framework\base\CApplication.php(162): CWebApplication->processRequest()
#13 C:\wamp\www\gcommerce\index.php(13): CWebApplication->run()
REQUEST_URI=/gcommerce/index.php?r=client/aclist&term=b
in C:\wamp\www\gcommerce\protected\extensions\EAutoCompleteAction.php (13)
in C:\wamp\www\gcommerce\index.php (13)
2012/03/29 15:03:05 [error] [exception.CException] exception 'CException' with message 'Property "Client.nom" is not defined.' in E:\yii\framework\base\CComponent.php:131
Stack trace:
#0 E:\yii\framework\db\ar\CActiveRecord.php(144): CComponent->__get('nom')
#1 C:\wamp\www\gcommerce\protected\extensions\EAutoCompleteAction.php(17): CActiveRecord->__get('nom')
#2 E:\yii\framework\web\actions\CAction.php(75): EAutoCompleteAction->run()
#3 E:\yii\framework\web\CController.php(309): CAction->runWithParams(Array)
#4 E:\yii\framework\web\filters\CFilterChain.php(134): CController->runAction(Object(EAutoCompleteAction))
#5 E:\yii\framework\web\filters\CFilter.php(41): CFilterChain->run()
#6 E:\yii\framework\web\CController.php(1146): CFilter->filter(Object(CFilterChain))
#7 E:\yii\framework\web\filters\CInlineFilter.php(59): CController->filterAccessControl(Object(CFilterChain))
#8 E:\yii\framework\web\filters\CFilterChain.php(131): CInlineFilter->filter(Object(CFilterChain))
#9 E:\yii\framework\web\CController.php(292): CFilterChain->run()
#10 E:\yii\framework\web\CController.php(266): CController->runActionWithFilters(Object(EAutoCompleteAction), Array)
#11 E:\yii\framework\web\CWebApplication.php(276): CController->run('aclist')
#12 E:\yii\framework\web\CWebApplication.php(135): CWebApplication->runController('client/aclist')
#13 E:\yii\framework\base\CApplication.php(162): CWebApplication->processRequest()
#14 C:\wamp\www\gcommerce\index.php(13): CApplication->run()
#15 {main}
REQUEST_URI=/gcommerce/index.php?r=client/aclist&term=b
HTTP_REFERER=http://localhost/gcommerce/index.php?r=reglementClient/create
---
2012/03/29 15:03:33 [error] [exception.CException] exception 'CException' with message 'Property "Client.nom" is not defined.' in E:\yii\framework\base\CComponent.php:131
Stack trace:
#0 E:\yii\framework\db\ar\CActiveRecord.php(144): CComponent->__get('nom')
#1 C:\wamp\www\gcommerce\protected\extensions\EAutoCompleteAction.php(20): CActiveRecord->__get('nom')
#2 E:\yii\framework\web\actions\CAction.php(75): EAutoCompleteAction->run()
#3 E:\yii\framework\web\CController.php(309): CAction->runWithParams(Array)
#4 E:\yii\framework\web\filters\CFilterChain.php(134): CController->runAction(Object(EAutoCompleteAction))
#5 E:\yii\framework\web\filters\CFilter.php(41): CFilterChain->run()
#6 E:\yii\framework\web\CController.php(1146): CFilter->filter(Object(CFilterChain))
#7 E:\yii\framework\web\filters\CInlineFilter.php(59): CController->filterAccessControl(Object(CFilterChain))
#8 E:\yii\framework\web\filters\CFilterChain.php(131): CInlineFilter->filter(Object(CFilterChain))
#9 E:\yii\framework\web\CController.php(292): CFilterChain->run()
#10 E:\yii\framework\web\CController.php(266): CController->runActionWithFilters(Object(EAutoCompleteAction), Array)
#11 E:\yii\framework\web\CWebApplication.php(276): CController->run('aclist')
#12 E:\yii\framework\web\CWebApplication.php(135): CWebApplication->runController('client/aclist')
#13 E:\yii\framework\base\CApplication.php(162): CWebApplication->processRequest()
#14 C:\wamp\www\gcommerce\index.php(13): CApplication->run()
#15 {main}
REQUEST_URI=/gcommerce/index.php?r=client/aclist&term=b
HTTP_REFERER=http://localhost/gcommerce/index.php?r=reglementClient/create
---
2012/03/29 15:03:40 [error] [exception.CException] exception 'CException' with message 'Property "Client.nom" is not defined.' in E:\yii\framework\base\CComponent.php:131
Stack trace:
#0 E:\yii\framework\db\ar\CActiveRecord.php(144): CComponent->__get('nom')
#1 C:\wamp\www\gcommerce\protected\extensions\EAutoCompleteAction.php(20): CActiveRecord->__get('nom')
#2 E:\yii\framework\web\actions\CAction.php(75): EAutoCompleteAction->run()
#3 E:\yii\framework\web\CController.php(309): CAction->runWithParams(Array)
#4 E:\yii\framework\web\filters\CFilterChain.php(134): CController->runAction(Object(EAutoCompleteAction))
#5 E:\yii\framework\web\filters\CFilter.php(41): CFilterChain->run()
#6 E:\yii\framework\web\CController.php(1146): CFilter->filter(Object(CFilterChain))
#7 E:\yii\framework\web\filters\CInlineFilter.php(59): CController->filterAccessControl(Object(CFilterChain))
#8 E:\yii\framework\web\filters\CFilterChain.php(131): CInlineFilter->filter(Object(CFilterChain))
#9 E:\yii\framework\web\CController.php(292): CFilterChain->run()
#10 E:\yii\framework\web\CController.php(266): CController->runActionWithFilters(Object(EAutoCompleteAction), Array)
#11 E:\yii\framework\web\CWebApplication.php(276): CController->run('aclist')
#12 E:\yii\framework\web\CWebApplication.php(135): CWebApplication->runController('client/aclist')
#13 E:\yii\framework\base\CApplication.php(162): CWebApplication->processRequest()
#14 C:\wamp\www\gcommerce\index.php(13): CApplication->run()
#15 {main}
REQUEST_URI=/gcommerce/index.php?r=client/aclist&term=b
HTTP_REFERER=http://localhost/gcommerce/index.php?r=reglementClient/create
---
2012/03/29 15:03:59 [error] [exception.CException] exception 'CException' with message 'Property "Client.nom" is not defined.' in E:\yii\framework\base\CComponent.php:131
Stack trace:
#0 E:\yii\framework\db\ar\CActiveRecord.php(144): CComponent->__get('nom')
#1 C:\wamp\www\gcommerce\protected\extensions\EAutoCompleteAction.php(20): CActiveRecord->__get('nom')
#2 E:\yii\framework\web\actions\CAction.php(75): EAutoCompleteAction->run()
#3 E:\yii\framework\web\CController.php(309): CAction->runWithParams(Array)
#4 E:\yii\framework\web\filters\CFilterChain.php(134): CController->runAction(Object(EAutoCompleteAction))
#5 E:\yii\framework\web\filters\CFilter.php(41): CFilterChain->run()
#6 E:\yii\framework\web\CController.php(1146): CFilter->filter(Object(CFilterChain))
#7 E:\yii\framework\web\filters\CInlineFilter.php(59): CController->filterAccessControl(Object(CFilterChain))
#8 E:\yii\framework\web\filters\CFilterChain.php(131): CInlineFilter->filter(Object(CFilterChain))
#9 E:\yii\framework\web\CController.php(292): CFilterChain->run()
#10 E:\yii\framework\web\CController.php(266): CController->runActionWithFilters(Object(EAutoCompleteAction), Array)
#11 E:\yii\framework\web\CWebApplication.php(276): CController->run('aclist')
#12 E:\yii\framework\web\CWebApplication.php(135): CWebApplication->runController('client/aclist')
#13 E:\yii\framework\base\CApplication.php(162): CWebApplication->processRequest()
#14 C:\wamp\www\gcommerce\index.php(13): CApplication->run()
#15 {main}
REQUEST_URI=/gcommerce/index.php?r=client/aclist&term=b
HTTP_REFERER=http://localhost/gcommerce/index.php?r=reglementClient/create
---
2012/03/29 15:11:52 [error] [php] include(EClientAutoCompleteAction.php) [<a href='function.include'>function.include</a>]: failed to open stream: No such file or directory (E:\yii\framework\YiiBase.php:418)
Stack trace:
#0 E:\yii\framework\YiiBase.php(206): spl_autoload_call()
#1 E:\yii\framework\web\CController.php(441): createComponent()
#2 E:\yii\framework\web\CController.php(418): ClientController->createActionFromMap()
#3 E:\yii\framework\web\CController.php(260): ClientController->createAction()
#4 E:\yii\framework\web\CWebApplication.php(276): ClientController->run()
#5 E:\yii\framework\web\CWebApplication.php(135): CWebApplication->runController()
#6 E:\yii\framework\base\CApplication.php(162): CWebApplication->processRequest()
#7 C:\wamp\www\gcommerce\index.php(13): CWebApplication->run()
REQUEST_URI=/gcommerce/index.php?r=client/aclist&term=b
in C:\wamp\www\gcommerce\index.php (13)
2012/03/29 15:12:01 [error] [php] include(EClientAutoCompleteAction.php) [<a href='function.include'>function.include</a>]: failed to open stream: No such file or directory (E:\yii\framework\YiiBase.php:418)
Stack trace:
#0 E:\yii\framework\YiiBase.php(206): spl_autoload_call()
#1 E:\yii\framework\web\CController.php(441): createComponent()
#2 E:\yii\framework\web\CController.php(418): ClientController->createActionFromMap()
#3 E:\yii\framework\web\CController.php(260): ClientController->createAction()
#4 E:\yii\framework\web\CWebApplication.php(276): ClientController->run()
#5 E:\yii\framework\web\CWebApplication.php(135): CWebApplication->runController()
#6 E:\yii\framework\base\CApplication.php(162): CWebApplication->processRequest()
#7 C:\wamp\www\gcommerce\index.php(13): CWebApplication->run()
REQUEST_URI=/gcommerce/index.php?r=client/aclist&term=b
in C:\wamp\www\gcommerce\index.php (13)
2012/03/29 15:35:35 [error] [exception.CException] exception 'CException' with message 'The attribute must be specified in the format of "Name:Type:Label", where "Type" and "Label" are optional.' in E:\yii\framework\zii\widgets\CDetailView.php:179
Stack trace:
#0 E:\yii\framework\web\CBaseController.php(174): CDetailView->run()
#1 C:\wamp\www\gcommerce\protected\views\reglementClient\view.php(29): CBaseController->widget('zii.widgets.CDe...', Array)
#2 E:\yii\framework\web\CBaseController.php(127): require('C:\wamp\www\gco...')
#3 E:\yii\framework\web\CBaseController.php(96): CBaseController->renderInternal('C:\wamp\www\gco...', Array, true)
#4 E:\yii\framework\web\CController.php(870): CBaseController->renderFile('C:\wamp\www\gco...', Array, true)
#5 E:\yii\framework\web\CController.php(783): CController->renderPartial('view', Array, true)
#6 C:\wamp\www\gcommerce\protected\controllers\ReglementClientController.php(55): CController->render('view', Array)
#7 [internal function]: ReglementClientController->actionView('1')
#8 E:\yii\framework\web\actions\CAction.php(107): ReflectionMethod->invokeArgs(Object(ReglementClientController), Array)
#9 E:\yii\framework\web\actions\CInlineAction.php(48): CAction->runWithParamsInternal(Object(ReglementClientController), Object(ReflectionMethod), Array)
#10 E:\yii\framework\web\CController.php(309): CInlineAction->runWithParams(Array)
#11 E:\yii\framework\web\filters\CFilterChain.php(134): CController->runAction(Object(CInlineAction))
#12 E:\yii\framework\web\filters\CFilter.php(41): CFilterChain->run()
#13 E:\yii\framework\web\CController.php(1146): CFilter->filter(Object(CFilterChain))
#14 E:\yii\framework\web\filters\CInlineFilter.php(59): CController->filterAccessControl(Object(CFilterChain))
#15 E:\yii\framework\web\filters\CFilterChain.php(131): CInlineFilter->filter(Object(CFilterChain))
#16 E:\yii\framework\web\CController.php(292): CFilterChain->run()
#17 E:\yii\framework\web\CController.php(266): CController->runActionWithFilters(Object(CInlineAction), Array)
#18 E:\yii\framework\web\CWebApplication.php(276): CController->run('view')
#19 E:\yii\framework\web\CWebApplication.php(135): CWebApplication->runController('reglementClient...')
#20 E:\yii\framework\base\CApplication.php(162): CWebApplication->processRequest()
#21 C:\wamp\www\gcommerce\index.php(13): CApplication->run()
#22 {main}
REQUEST_URI=/gcommerce/index.php?r=reglementClient/view&id=1
HTTP_REFERER=http://localhost/gcommerce/index.php?r=reglementClient/admin
---
2012/03/29 15:39:16 [error] [exception.CException] exception 'CException' with message 'The column must be specified in the format of "Name:Type:Label", where "Type" and "Label" are optional.' in E:\yii\framework\zii\widgets\grid\CGridView.php:337
Stack trace:
#0 E:\yii\framework\zii\widgets\grid\CGridView.php(308): CGridView->createDataColumn('id_client=id_cl...')
#1 E:\yii\framework\zii\widgets\grid\CGridView.php(284): CGridView->initColumns()
#2 E:\yii\framework\web\CBaseController.php(148): CGridView->init()
#3 E:\yii\framework\web\CBaseController.php(173): CBaseController->createWidget('zii.widgets.gri...', Array)
#4 C:\wamp\www\gcommerce\protected\views\reglementClient\admin.php(46): CBaseController->widget('zii.widgets.gri...', Array)
#5 E:\yii\framework\web\CBaseController.php(127): require('C:\wamp\www\gco...')
#6 E:\yii\framework\web\CBaseController.php(96): CBaseController->renderInternal('C:\wamp\www\gco...', Array, true)
#7 E:\yii\framework\web\CController.php(870): CBaseController->renderFile('C:\wamp\www\gco...', Array, true)
#8 E:\yii\framework\web\CController.php(783): CController->renderPartial('admin', Array, true)
#9 C:\wamp\www\gcommerce\protected\controllers\ReglementClientController.php(148): CController->render('admin', Array)
#10 E:\yii\framework\web\actions\CInlineAction.php(50): ReglementClientController->actionAdmin()
#11 E:\yii\framework\web\CController.php(309): CInlineAction->runWithParams(Array)
#12 E:\yii\framework\web\filters\CFilterChain.php(134): CController->runAction(Object(CInlineAction))
#13 E:\yii\framework\web\filters\CFilter.php(41): CFilterChain->run()
#14 E:\yii\framework\web\CController.php(1146): CFilter->filter(Object(CFilterChain))
#15 E:\yii\framework\web\filters\CInlineFilter.php(59): CController->filterAccessControl(Object(CFilterChain))
#16 E:\yii\framework\web\filters\CFilterChain.php(131): CInlineFilter->filter(Object(CFilterChain))
#17 E:\yii\framework\web\CController.php(292): CFilterChain->run()
#18 E:\yii\framework\web\CController.php(266): CController->runActionWithFilters(Object(CInlineAction), Array)
#19 E:\yii\framework\web\CWebApplication.php(276): CController->run('admin')
#20 E:\yii\framework\web\CWebApplication.php(135): CWebApplication->runController('reglementClient...')
#21 E:\yii\framework\base\CApplication.php(162): CWebApplication->processRequest()
#22 C:\wamp\www\gcommerce\index.php(13): CApplication->run()
#23 {main}
REQUEST_URI=/gcommerce/index.php?r=reglementClient/admin
HTTP_REFERER=http://localhost/gcommerce/index.php?r=client/create
---
2012/03/29 15:43:40 [error] [exception.CException] exception 'CException' with message 'Property "ReglementClient.roteiroId" is not defined.' in E:\yii\framework\base\CComponent.php:131
Stack trace:
#0 E:\yii\framework\db\ar\CActiveRecord.php(144): CComponent->__get('roteiroId')
#1 E:\yii\framework\base\CComponent.php(607) : eval()'d code(1): CActiveRecord->__get('roteiroId')
#2 E:\yii\framework\base\CComponent.php(607): eval()
#3 E:\yii\framework\zii\widgets\grid\CDataColumn.php(139): CComponent->evaluateExpression('Client::Model()...', Array)
#4 E:\yii\framework\zii\widgets\grid\CGridColumn.php(138): CDataColumn->renderDataCellContent(0, Object(ReglementClient))
#5 E:\yii\framework\zii\widgets\grid\CGridView.php(517): CGridColumn->renderDataCell(0)
#6 E:\yii\framework\zii\widgets\grid\CGridView.php(490): CGridView->renderTableRow(0)
#7 E:\yii\framework\zii\widgets\grid\CGridView.php(400): CGridView->renderTableBody()
#8 E:\yii\framework\zii\widgets\CBaseListView.php(158): CGridView->renderItems()
#9 [internal function]: CBaseListView->renderSection(Array)
#10 E:\yii\framework\zii\widgets\CBaseListView.php(141): preg_replace_callback('/{(\w+)}/', Array, '{summary}?{item...')
#11 E:\yii\framework\zii\widgets\CBaseListView.php(126): CBaseListView->renderContent()
#12 E:\yii\framework\web\CBaseController.php(174): CBaseListView->run()
#13 C:\wamp\www\gcommerce\protected\views\reglementClient\admin.php(51): CBaseController->widget('zii.widgets.gri...', Array)
#14 E:\yii\framework\web\CBaseController.php(127): require('C:\wamp\www\gco...')
#15 E:\yii\framework\web\CBaseController.php(96): CBaseController->renderInternal('C:\wamp\www\gco...', Array, true)
#16 E:\yii\framework\web\CController.php(870): CBaseController->renderFile('C:\wamp\www\gco...', Array, true)
#17 E:\yii\framework\web\CController.php(783): CController->renderPartial('admin', Array, true)
#18 C:\wamp\www\gcommerce\protected\controllers\ReglementClientController.php(148): CController->render('admin', Array)
#19 E:\yii\framework\web\actions\CInlineAction.php(50): ReglementClientController->actionAdmin()
#20 E:\yii\framework\web\CController.php(309): CInlineAction->runWithParams(Array)
#21 E:\yii\framework\web\filters\CFilterChain.php(134): CController->runAction(Object(CInlineAction))
#22 E:\yii\framework\web\filters\CFilter.php(41): CFilterChain->run()
#23 E:\yii\framework\web\CController.php(1146): CFilter->filter(Object(CFilterChain))
#24 E:\yii\framework\web\filters\CInlineFilter.php(59): CController->filterAccessControl(Object(CFilterChain))
#25 E:\yii\framework\web\filters\CFilterChain.php(131): CInlineFilter->filter(Object(CFilterChain))
#26 E:\yii\framework\web\CController.php(292): CFilterChain->run()
#27 E:\yii\framework\web\CController.php(266): CController->runActionWithFilters(Object(CInlineAction), Array)
#28 E:\yii\framework\web\CWebApplication.php(276): CController->run('admin')
#29 E:\yii\framework\web\CWebApplication.php(135): CWebApplication->runController('reglementClient...')
#30 E:\yii\framework\base\CApplication.php(162): CWebApplication->processRequest()
#31 C:\wamp\www\gcommerce\index.php(13): CApplication->run()
#32 {main}
REQUEST_URI=/gcommerce/index.php?r=reglementClient/admin
HTTP_REFERER=http://localhost/gcommerce/index.php?r=client/create
---
2012/03/29 15:46:43 [error] [php] call_user_func_array() expects parameter 1 to be a valid callback, no array or string given (E:\yii\framework\base\CComponent.php:612)
Stack trace:
#0 E:\yii\framework\zii\widgets\grid\CGridColumn.php(138): CDataColumn->renderDataCellContent()
#1 E:\yii\framework\zii\widgets\grid\CGridView.php(517): CDataColumn->renderDataCell()
#2 E:\yii\framework\zii\widgets\grid\CGridView.php(490): CGridView->renderTableRow()
#3 E:\yii\framework\zii\widgets\grid\CGridView.php(400): CGridView->renderTableBody()
#4 E:\yii\framework\zii\widgets\CBaseListView.php(158): CGridView->renderItems()
#5 unknown(0): CGridView->renderSection()
#6 E:\yii\framework\zii\widgets\CBaseListView.php(141): preg_replace_callback()
#7 E:\yii\framework\zii\widgets\CBaseListView.php(126): CGridView->renderContent()
#8 E:\yii\framework\web\CBaseController.php(174): CGridView->run()
#9 C:\wamp\www\gcommerce\protected\views\reglementClient\admin.php(51): ReglementClientController->widget()
#10 E:\yii\framework\web\CBaseController.php(127): require()
#11 E:\yii\framework\web\CBaseController.php(96): ReglementClientController->renderInternal()
#12 E:\yii\framework\web\CController.php(870): ReglementClientController->renderFile()
#13 E:\yii\framework\web\CController.php(783): ReglementClientController->renderPartial()
#14 C:\wamp\www\gcommerce\protected\controllers\ReglementClientController.php(148): ReglementClientController->render()
#15 E:\yii\framework\web\actions\CInlineAction.php(50): ReglementClientController->actionAdmin()
#16 E:\yii\framework\web\CController.php(309): CInlineAction->runWithParams()
#17 E:\yii\framework\web\filters\CFilterChain.php(134): ReglementClientController->runAction()
#18 E:\yii\framework\web\filters\CFilter.php(41): CFilterChain->run()
#19 E:\yii\framework\web\CController.php(1146): CAccessControlFilter->filter()
#20 E:\yii\framework\web\filters\CInlineFilter.php(59): ReglementClientController->filterAccessControl()
#21 E:\yii\framework\web\filters\CFilterChain.php(131): CInlineFilter->filter()
#22 E:\yii\framework\web\CController.php(292): CFilterChain->run()
#23 E:\yii\framework\web\CController.php(266): ReglementClientController->runActionWithFilters()
#24 E:\yii\framework\web\CWebApplication.php(276): ReglementClientController->run()
#25 E:\yii\framework\web\CWebApplication.php(135): CWebApplication->runController()
#26 E:\yii\framework\base\CApplication.php(162): CWebApplication->processRequest()
#27 C:\wamp\www\gcommerce\index.php(13): CWebApplication->run()
REQUEST_URI=/gcommerce/index.php?r=reglementClient/admin
in C:\wamp\www\gcommerce\protected\views\reglementClient\admin.php (51)
in C:\wamp\www\gcommerce\protected\controllers\ReglementClientController.php (148)
in C:\wamp\www\gcommerce\index.php (13)
2012/03/29 15:53:59 [error] [exception.CException] exception 'CException' with message 'Property "Client.Nom " is not defined.' in E:\yii\framework\base\CComponent.php:131
Stack trace:
#0 E:\yii\framework\db\ar\CActiveRecord.php(144): CComponent->__get('Nom ')
#1 E:\yii\framework\web\helpers\CHtml.php(1696): CActiveRecord->__get('Nom ')
#2 E:\yii\framework\web\helpers\CHtml.php(1660): CHtml::value(Object(Client), 'Nom . Prenom')
#3 C:\wamp\www\gcommerce\protected\views\reglementClient\admin.php(39): CHtml::listData(Array, 'id', 'Nom . Prenom')
#4 E:\yii\framework\web\CBaseController.php(127): require('C:\wamp\www\gco...')
#5 E:\yii\framework\web\CBaseController.php(96): CBaseController->renderInternal('C:\wamp\www\gco...', Array, true)
#6 E:\yii\framework\web\CController.php(870): CBaseController->renderFile('C:\wamp\www\gco...', Array, true)
#7 E:\yii\framework\web\CController.php(783): CController->renderPartial('admin', Array, true)
#8 C:\wamp\www\gcommerce\protected\controllers\ReglementClientController.php(148): CController->render('admin', Array)
#9 E:\yii\framework\web\actions\CInlineAction.php(50): ReglementClientController->actionAdmin()
#10 E:\yii\framework\web\CController.php(309): CInlineAction->runWithParams(Array)
#11 E:\yii\framework\web\filters\CFilterChain.php(134): CController->runAction(Object(CInlineAction))
#12 E:\yii\framework\web\filters\CFilter.php(41): CFilterChain->run()
#13 E:\yii\framework\web\CController.php(1146): CFilter->filter(Object(CFilterChain))
#14 E:\yii\framework\web\filters\CInlineFilter.php(59): CController->filterAccessControl(Object(CFilterChain))
#15 E:\yii\framework\web\filters\CFilterChain.php(131): CInlineFilter->filter(Object(CFilterChain))
#16 E:\yii\framework\web\CController.php(292): CFilterChain->run()
#17 E:\yii\framework\web\CController.php(266): CController->runActionWithFilters(Object(CInlineAction), Array)
#18 E:\yii\framework\web\CWebApplication.php(276): CController->run('admin')
#19 E:\yii\framework\web\CWebApplication.php(135): CWebApplication->runController('reglementClient...')
#20 E:\yii\framework\base\CApplication.php(162): CWebApplication->processRequest()
#21 C:\wamp\www\gcommerce\index.php(13): CApplication->run()
#22 {main}
REQUEST_URI=/gcommerce/index.php?r=reglementClient/admin&ReglementClient[id_client]=1
HTTP_REFERER=http://localhost/gcommerce/index.php?r=client/view&id=1
---
2012/03/29 15:57:12 [error] [php] Trying to get property of non-object (C:\wamp\www\gcommerce\protected\views\reglementClient\view.php:28)
Stack trace:
#0 E:\yii\framework\web\CController.php(870): ReglementClientController->renderFile()
#1 E:\yii\framework\web\CController.php(783): ReglementClientController->renderPartial()
#2 C:\wamp\www\gcommerce\protected\controllers\ReglementClientController.php(55): ReglementClientController->render()
#3 unknown(0): ReglementClientController->actionView()
#4 E:\yii\framework\web\actions\CAction.php(107): ReflectionMethod->invokeArgs()
#5 E:\yii\framework\web\actions\CInlineAction.php(48): CInlineAction->runWithParamsInternal()
#6 E:\yii\framework\web\CController.php(309): CInlineAction->runWithParams()
#7 E:\yii\framework\web\filters\CFilterChain.php(134): ReglementClientController->runAction()
#8 E:\yii\framework\web\filters\CFilter.php(41): CFilterChain->run()
#9 E:\yii\framework\web\CController.php(1146): CAccessControlFilter->filter()
#10 E:\yii\framework\web\filters\CInlineFilter.php(59): ReglementClientController->filterAccessControl()
#11 E:\yii\framework\web\filters\CFilterChain.php(131): CInlineFilter->filter()
#12 E:\yii\framework\web\CController.php(292): CFilterChain->run()
#13 E:\yii\framework\web\CController.php(266): ReglementClientController->runActionWithFilters()
#14 E:\yii\framework\web\CWebApplication.php(276): ReglementClientController->run()
#15 E:\yii\framework\web\CWebApplication.php(135): CWebApplication->runController()
#16 E:\yii\framework\base\CApplication.php(162): CWebApplication->processRequest()
#17 C:\wamp\www\gcommerce\index.php(13): CWebApplication->run()
REQUEST_URI=/gcommerce/index.php?r=reglementClient/view&id=1
in C:\wamp\www\gcommerce\protected\views\reglementClient\view.php (28)
in C:\wamp\www\gcommerce\protected\controllers\ReglementClientController.php (55)
in C:\wamp\www\gcommerce\index.php (13)
2012/03/29 16:00:21 [error] [php] Trying to get property of non-object (C:\wamp\www\gcommerce\protected\views\reglementClient\view.php:24)
Stack trace:
#0 E:\yii\framework\web\CController.php(870): ReglementClientController->renderFile()
#1 E:\yii\framework\web\CController.php(783): ReglementClientController->renderPartial()
#2 C:\wamp\www\gcommerce\protected\controllers\ReglementClientController.php(55): ReglementClientController->render()
#3 unknown(0): ReglementClientController->actionView()
#4 E:\yii\framework\web\actions\CAction.php(107): ReflectionMethod->invokeArgs()
#5 E:\yii\framework\web\actions\CInlineAction.php(48): CInlineAction->runWithParamsInternal()
#6 E:\yii\framework\web\CController.php(309): CInlineAction->runWithParams()
#7 E:\yii\framework\web\filters\CFilterChain.php(134): ReglementClientController->runAction()
#8 E:\yii\framework\web\filters\CFilter.php(41): CFilterChain->run()
#9 E:\yii\framework\web\CController.php(1146): CAccessControlFilter->filter()
#10 E:\yii\framework\web\filters\CInlineFilter.php(59): ReglementClientController->filterAccessControl()
#11 E:\yii\framework\web\filters\CFilterChain.php(131): CInlineFilter->filter()
#12 E:\yii\framework\web\CController.php(292): CFilterChain->run()
#13 E:\yii\framework\web\CController.php(266): ReglementClientController->runActionWithFilters()
#14 E:\yii\framework\web\CWebApplication.php(276): ReglementClientController->run()
#15 E:\yii\framework\web\CWebApplication.php(135): CWebApplication->runController()
#16 E:\yii\framework\base\CApplication.php(162): CWebApplication->processRequest()
#17 C:\wamp\www\gcommerce\index.php(13): CWebApplication->run()
REQUEST_URI=/gcommerce/index.php?r=reglementClient/view&id=1
in C:\wamp\www\gcommerce\protected\views\reglementClient\view.php (24)
in C:\wamp\www\gcommerce\protected\controllers\ReglementClientController.php (55)
in C:\wamp\www\gcommerce\index.php (13)
2012/03/29 16:29:20 [error] [exception.CHttpException.404] exception 'CHttpException' with message 'Unable to resolve the request "article".' in E:\yii\framework\web\CWebApplication.php:280
Stack trace:
#0 E:\yii\framework\web\CWebApplication.php(135): CWebApplication->runController('article')
#1 E:\yii\framework\base\CApplication.php(162): CWebApplication->processRequest()
#2 C:\wamp\www\gcommerce\index.php(13): CApplication->run()
#3 {main}
REQUEST_URI=/gcommerce/index.php?r=article
HTTP_REFERER=http://localhost/gcommerce/index.php?r=client/admin
---
2012/03/29 16:34:25 [error] [exception.CHttpException.404] exception 'CHttpException' with message 'Unable to resolve the request "article".' in E:\yii\framework\web\CWebApplication.php:280
Stack trace:
#0 E:\yii\framework\web\CWebApplication.php(135): CWebApplication->runController('article')
#1 E:\yii\framework\base\CApplication.php(162): CWebApplication->processRequest()
#2 C:\wamp\www\gcommerce\index.php(13): CApplication->run()
#3 {main}
REQUEST_URI=/gcommerce/index.php?r=article
HTTP_REFERER=http://localhost/gcommerce/index.php?r=reglementClient/admin
---
2012/03/29 16:41:55 [error] [exception.CException] exception 'CException' with message 'Property "Client.Code" is not defined.' in E:\yii\framework\base\CComponent.php:131
Stack trace:
#0 E:\yii\framework\db\ar\CActiveRecord.php(144): CComponent->__get('Code')
#1 E:\yii\framework\web\helpers\CHtml.php(1696): CActiveRecord->__get('Code')
#2 E:\yii\framework\web\helpers\CHtml.php(1660): CHtml::value(Object(Client), 'Code')
#3 C:\wamp\www\gcommerce\protected\views\vente\admin.php(37): CHtml::listData(Array, 'id', 'Code')
#4 E:\yii\framework\web\CBaseController.php(127): require('C:\wamp\www\gco...')
#5 E:\yii\framework\web\CBaseController.php(96): CBaseController->renderInternal('C:\wamp\www\gco...', Array, true)
#6 E:\yii\framework\web\CController.php(870): CBaseController->renderFile('C:\wamp\www\gco...', Array, true)
#7 E:\yii\framework\web\CController.php(783): CController->renderPartial('admin', Array, true)
#8 C:\wamp\www\gcommerce\protected\controllers\VenteController.php(148): CController->render('admin', Array)
#9 E:\yii\framework\web\actions\CInlineAction.php(50): VenteController->actionAdmin()
#10 E:\yii\framework\web\CController.php(309): CInlineAction->runWithParams(Array)
#11 E:\yii\framework\web\filters\CFilterChain.php(134): CController->runAction(Object(CInlineAction))
#12 E:\yii\framework\web\filters\CFilter.php(41): CFilterChain->run()
#13 E:\yii\framework\web\CController.php(1146): CFilter->filter(Object(CFilterChain))
#14 E:\yii\framework\web\filters\CInlineFilter.php(59): CController->filterAccessControl(Object(CFilterChain))
#15 E:\yii\framework\web\filters\CFilterChain.php(131): CInlineFilter->filter(Object(CFilterChain))
#16 E:\yii\framework\web\CController.php(292): CFilterChain->run()
#17 E:\yii\framework\web\CController.php(266): CController->runActionWithFilters(Object(CInlineAction), Array)
#18 E:\yii\framework\web\CWebApplication.php(276): CController->run('admin')
#19 E:\yii\framework\web\CWebApplication.php(135): CWebApplication->runController('vente/admin')
#20 E:\yii\framework\base\CApplication.php(162): CWebApplication->processRequest()
#21 C:\wamp\www\gcommerce\index.php(13): CApplication->run()
#22 {main}
REQUEST_URI=/gcommerce/index.php?r=vente/admin&Vente[id_client]=1
HTTP_REFERER=http://localhost/gcommerce/index.php?r=client/view&id=1
---
2012/03/29 16:42:16 [error] [php] include(Article.php) [<a href='function.include'>function.include</a>]: failed to open stream: No such file or directory (E:\yii\framework\YiiBase.php:418)
Stack trace:
#0 C:\wamp\www\gcommerce\protected\views\vente\admin.php(37): spl_autoload_call()
#1 E:\yii\framework\web\CBaseController.php(127): require()
#2 E:\yii\framework\web\CBaseController.php(96): VenteController->renderInternal()
#3 E:\yii\framework\web\CController.php(870): VenteController->renderFile()
#4 E:\yii\framework\web\CController.php(783): VenteController->renderPartial()
#5 C:\wamp\www\gcommerce\protected\controllers\VenteController.php(148): VenteController->render()
#6 E:\yii\framework\web\actions\CInlineAction.php(50): VenteController->actionAdmin()
#7 E:\yii\framework\web\CController.php(309): CInlineAction->runWithParams()
#8 E:\yii\framework\web\filters\CFilterChain.php(134): VenteController->runAction()
#9 E:\yii\framework\web\filters\CFilter.php(41): CFilterChain->run()
#10 E:\yii\framework\web\CController.php(1146): CAccessControlFilter->filter()
#11 E:\yii\framework\web\filters\CInlineFilter.php(59): VenteController->filterAccessControl()
#12 E:\yii\framework\web\filters\CFilterChain.php(131): CInlineFilter->filter()
#13 E:\yii\framework\web\CController.php(292): CFilterChain->run()
#14 E:\yii\framework\web\CController.php(266): VenteController->runActionWithFilters()
#15 E:\yii\framework\web\CWebApplication.php(276): VenteController->run()
#16 E:\yii\framework\web\CWebApplication.php(135): CWebApplication->runController()
#17 E:\yii\framework\base\CApplication.php(162): CWebApplication->processRequest()
#18 C:\wamp\www\gcommerce\index.php(13): CWebApplication->run()
REQUEST_URI=/gcommerce/index.php?r=vente/admin&Vente[id_client]=1
in C:\wamp\www\gcommerce\protected\views\vente\admin.php (37)
in C:\wamp\www\gcommerce\protected\controllers\VenteController.php (148)
in C:\wamp\www\gcommerce\index.php (13)
2012/03/29 22:01:58 [error] [exception.CHttpException.404] exception 'CHttpException' with message 'Unable to resolve the request "utilisateur".' in D:\Tools\Decompressed\yii\framework\web\CWebApplication.php:281
Stack trace:
#0 D:\Tools\Decompressed\yii\framework\web\CWebApplication.php(136): CWebApplication->runController('utilisateur')
#1 D:\Tools\Decompressed\yii\framework\base\CApplication.php(158): CWebApplication->processRequest()
#2 C:\Program Files\EasyPHP-5.3.8.1\www\gcommerce\index.php(15): CApplication->run()
#3 {main} REQUEST_URI=/gcommerce/index.php?r=utilisateur
